#
# A fatal error has been detected by the Java Runtime Environment:
#
#  Internal Error (javaCalls.cpp:51), pid=14700, tid=0x0000000000001668
#  guarantee(thread->is_Java_thread()) failed: crucial check - the VM thread cannot and must not escape to Java code
#
# JRE version: Java(TM) SE Runtime Environment (8.0_271-b09) (build 1.8.0_271-b09)
# Java VM: Java HotSpot(TM) 64-Bit Server VM (25.271-b09 mixed mode windows-amd64 compressed oops)
# Failed to write core dump. Minidumps are not enabled by default on client versions of Windows
#
# If you would like to submit a bug report, please visit:
#   http://bugreport.java.com/bugreport/crash.jsp
#

---------------  T H R E A D  ---------------

Current thread (0x000001e7271d5800):  GCTaskThread [stack: 0x0000006491200000,0x0000006491300000] [id=5736]

Stack: [0x0000006491200000,0x0000006491300000]
Native frames: (J=compiled Java code, j=interpreted, Vv=VM code, C=native code)
V  [jvm.dll+0x33f6c9]

JavaThread 0x000001e7271b9000 (nid = 7328) was being processed
Java frames: (J=compiled Java code, j=interpreted, Vv=VM code)
J 819  java.lang.ClassLoader.defineClass1(Ljava/lang/String;[BIILjava/security/ProtectionDomain;Ljava/lang/String;)Ljava/lang/Class; (0 bytes) @ 0x000001e728d87d5f [0x000001e728d87cc0+0x9f]
J 643 C1 java.lang.ClassLoader.defineClass(Ljava/lang/String;[BIILjava/security/ProtectionDomain;)Ljava/lang/Class; (43 bytes) @ 0x000001e728d52bbc [0x000001e728d52aa0+0x11c]
J 566 C1 java.net.URLClassLoader.defineClass(Ljava/lang/String;Lsun/misc/Resource;)Ljava/lang/Class; (142 bytes) @ 0x000001e728d28c7c [0x000001e728d28260+0xa1c]
J 484 C1 java.net.URLClassLoader$1.run()Ljava/lang/Class; (63 bytes) @ 0x000001e728d0790c [0x000001e728d07840+0xcc]
J 483 C1 java.net.URLClassLoader$1.run()Ljava/lang/Object; (5 bytes) @ 0x000001e728d0751c [0x000001e728d074e0+0x3c]
v  ~StubRoutines::call_stub
J 424  java.security.AccessController.doPrivileged(Ljava/security/PrivilegedExceptionAction;Ljava/security/AccessControlContext;)Ljava/lang/Object; (0 bytes) @ 0x000001e728cedba6 [0x000001e728cedb40+0x66]
J 429 C1 java.net.URLClassLoader.findClass(Ljava/lang/String;)Ljava/lang/Class; (47 bytes) @ 0x000001e728cf1e5c [0x000001e728cf1da0+0xbc]
j  java.lang.ClassLoader.loadClass(Ljava/lang/String;Z)Ljava/lang/Class;+70
J 293 C1 sun.misc.Launcher$AppClassLoader.loadClass(Ljava/lang/String;Z)Ljava/lang/Class; (85 bytes) @ 0x000001e728cc0274 [0x000001e728cbff80+0x2f4]
J 292 C1 java.lang.ClassLoader.loadClass(Ljava/lang/String;)Ljava/lang/Class; (7 bytes) @ 0x000001e728cbfc3c [0x000001e728cbfbe0+0x5c]
v  ~StubRoutines::call_stub
j  org.hibernate.cfg.ClassPropertyHolder.addProperty(Lorg/hibernate/mapping/Property;Lorg/hibernate/annotations/common/reflection/XClass;)V+4
j  org.hibernate.cfg.ClassPropertyHolder.addProperty(Lorg/hibernate/mapping/Property;[Lorg/hibernate/cfg/Ejb3Column;Lorg/hibernate/annotations/common/reflection/XClass;)V+35
j  org.hibernate.cfg.annotations.PropertyBinder.bind(Lorg/hibernate/mapping/Property;)Lorg/hibernate/mapping/Property;+182
j  org.hibernate.cfg.annotations.PropertyBinder.makePropertyValueAndBind()Lorg/hibernate/mapping/Property;+5
j  org.hibernate.cfg.AnnotationBinder.processElementAnnotations(Lorg/hibernate/cfg/PropertyHolder;Lorg/hibernate/cfg/annotations/Nullability;Lorg/hibernate/cfg/PropertyData;Ljava/util/HashMap;Lorg/hibernate/cfg/annotations/EntityBinder;ZZZLorg/hibernate/boot/spi/MetadataBuildingContext;Ljava/util/Map;)V+4060
j  org.hibernate.cfg.AnnotationBinder.processIdPropertiesIfNotAlready(Ljava/util/Map;Lorg/hibernate/boot/spi/MetadataBuildingContext;Lorg/hibernate/mapping/PersistentClass;Lorg/hibernate/cfg/annotations/EntityBinder;Lorg/hibernate/cfg/PropertyHolder;Ljava/util/HashMap;Lorg/hibernate/cfg/InheritanceState$ElementsToProcess;ZLjava/util/Set;)V+92
j  org.hibernate.cfg.AnnotationBinder.bindClass(Lorg/hibernate/annotations/common/reflection/XClass;Ljava/util/Map;Lorg/hibernate/boot/spi/MetadataBuildingContext;)V+1346
j  org.hibernate.boot.model.source.internal.annotations.AnnotationMetadataSourceProcessorImpl.processEntityHierarchies(Ljava/util/Set;)V+84
j  org.hibernate.boot.model.process.spi.MetadataBuildingProcess$1.processEntityHierarchies(Ljava/util/Set;)V+63
j  org.hibernate.boot.model.process.spi.MetadataBuildingProcess.complete(Lorg/hibernate/boot/model/process/spi/ManagedResources;Lorg/hibernate/boot/spi/BootstrapContext;Lorg/hibernate/boot/spi/MetadataBuildingOptions;)Lorg/hibernate/boot/spi/MetadataImplementor;+199
j  org.hibernate.jpa.boot.internal.EntityManagerFactoryBuilderImpl.metadata()Lorg/hibernate/boot/spi/MetadataImplementor;+30
j  org.hibernate.jpa.boot.internal.EntityManagerFactoryBuilderImpl.build()Ljavax/persistence/EntityManagerFactory;+1
j  org.hibernate.jpa.HibernatePersistenceProvider.createEntityManagerFactory(Ljava/lang/String;Ljava/util/Map;)Ljavax/persistence/EntityManagerFactory;+31
j  javax.persistence.Persistence.createEntityManagerFactory(Ljava/lang/String;Ljava/util/Map;)Ljavax/persistence/EntityManagerFactory;+42
j  javax.persistence.Persistence.createEntityManagerFactory(Ljava/lang/String;)Ljavax/persistence/EntityManagerFactory;+2
j  ejercicio.evaluacion.UsuarioService.<clinit>()V+2
v  ~StubRoutines::call_stub
J 1364  sun.reflect.NativeConstructorAccessorImpl.newInstance0(Ljava/lang/reflect/Constructor;[Ljava/lang/Object;)Ljava/lang/Object; (0 bytes) @ 0x000001e728e644e6 [0x000001e728e64480+0x66]
J 1148 C1 sun.reflect.NativeConstructorAccessorImpl.newInstance([Ljava/lang/Object;)Ljava/lang/Object; (89 bytes) @ 0x000001e728e02a64 [0x000001e728e026e0+0x384]
J 1147 C1 sun.reflect.DelegatingConstructorAccessorImpl.newInstance([Ljava/lang/Object;)Ljava/lang/Object; (9 bytes) @ 0x000001e728e023b4 [0x000001e728e02360+0x54]
J 1146 C1 java.lang.reflect.Constructor.newInstance([Ljava/lang/Object;)Ljava/lang/Object; (87 bytes) @ 0x000001e728e01e04 [0x000001e728e01cc0+0x144]
j  org.springframework.beans.BeanUtils.instantiateClass(Ljava/lang/reflect/Constructor;[Ljava/lang/Object;)Ljava/lang/Object;+128
j  org.springframework.beans.factory.support.SimpleInstantiationStrategy.instantiate(Lorg/springframework/beans/factory/support/RootBeanDefinition;Ljava/lang/String;Lorg/springframework/beans/factory/BeanFactory;)Ljava/lang/Object;+140
j  org.springframework.beans.factory.support.AbstractAutowireCapableBeanFactory.instantiateBean(Ljava/lang/String;Lorg/springframework/beans/factory/support/RootBeanDefinition;)Lorg/springframework/beans/BeanWrapper;+32
j  org.springframework.beans.factory.support.AbstractAutowireCapableBeanFactory.createBeanInstance(Ljava/lang/String;Lorg/springframework/beans/factory/support/RootBeanDefinition;[Ljava/lang/Object;)Lorg/springframework/beans/BeanWrapper;+249
j  org.springframework.beans.factory.support.AbstractAutowireCapableBeanFactory.doCreateBean(Ljava/lang/String;Lorg/springframework/beans/factory/support/RootBeanDefinition;[Ljava/lang/Object;)Ljava/lang/Object;+34
j  org.springframework.beans.factory.support.AbstractAutowireCapableBeanFactory.createBean(Ljava/lang/String;Lorg/springframework/beans/factory/support/RootBeanDefinition;[Ljava/lang/Object;)Ljava/lang/Object;+169
j  org.springframework.beans.factory.support.AbstractBeanFactory.lambda$doGetBean$0(Ljava/lang/String;Lorg/springframework/beans/factory/support/RootBeanDefinition;[Ljava/lang/Object;)Ljava/lang/Object;+4
j  org.springframework.beans.factory.support.AbstractBeanFactory$$Lambda$155.getObject()Ljava/lang/Object;+16
j  org.springframework.beans.factory.support.DefaultSingletonBeanRegistry.getSingleton(Ljava/lang/String;Lorg/springframework/beans/factory/ObjectFactory;)Ljava/lang/Object;+132
j  org.springframework.beans.factory.support.AbstractBeanFactory.doGetBean(Ljava/lang/String;Ljava/lang/Class;[Ljava/lang/Object;Z)Ljava/lang/Object;+467
j  org.springframework.beans.factory.support.AbstractBeanFactory.getBean(Ljava/lang/String;)Ljava/lang/Object;+5
j  org.springframework.beans.factory.support.DefaultListableBeanFactory.preInstantiateSingletons()V+248
j  org.springframework.context.support.AbstractApplicationContext.finishBeanFactoryInitialization(Lorg/springframework/beans/factory/config/ConfigurableListableBeanFactory;)V+124
j  org.springframework.context.support.AbstractApplicationContext.refresh()V+54
j  org.springframework.boot.web.servlet.context.ServletWebServerApplicationContext.refresh()V+1
j  org.springframework.boot.SpringApplication.refresh(Lorg/springframework/context/ConfigurableApplicationContext;)V+1
j  org.springframework.boot.SpringApplication.refresh(Lorg/springframework/context/ApplicationContext;)V+11
j  org.springframework.boot.SpringApplication.refreshContext(Lorg/springframework/context/ConfigurableApplicationContext;)V+2
j  org.springframework.boot.SpringApplication.run([Ljava/lang/String;)Lorg/springframework/context/ConfigurableApplicationContext;+118
j  org.springframework.boot.SpringApplication.run([Ljava/lang/Class;[Ljava/lang/String;)Lorg/springframework/context/ConfigurableApplicationContext;+9
j  org.springframework.boot.SpringApplication.run(Ljava/lang/Class;[Ljava/lang/String;)Lorg/springframework/context/ConfigurableApplicationContext;+9
j  ejercicio.evaluacion.EvaluacionApplication.main([Ljava/lang/String;)V+3
v  ~StubRoutines::call_stub

---------------  P R O C E S S  ---------------

Java Threads: ( => current thread )
  0x000001e740415800 JavaThread "Hibernate Connection Pool Validation Thread" daemon [_thread_blocked, id=5560, stack(0x0000006492700000,0x0000006492800000)]
  0x000001e740078000 JavaThread "container-0" [_thread_blocked, id=1608, stack(0x0000006492600000,0x0000006492700000)]
  0x000001e73ffa5800 JavaThread "Catalina-utility-2" [_thread_blocked, id=11800, stack(0x0000006492500000,0x0000006492600000)]
  0x000001e73ffa3000 JavaThread "Catalina-utility-1" [_thread_blocked, id=8640, stack(0x0000006492400000,0x0000006492500000)]
  0x000001e73c26f800 JavaThread "Service Thread" daemon [_thread_blocked, id=13300, stack(0x0000006492200000,0x0000006492300000)]
  0x000001e73c27f800 JavaThread "C1 CompilerThread3" daemon [_thread_blocked, id=13228, stack(0x0000006492100000,0x0000006492200000)]
  0x000001e73c273000 JavaThread "C2 CompilerThread2" daemon [_thread_blocked, id=4824, stack(0x0000006492000000,0x0000006492100000)]
  0x000001e73c272000 JavaThread "C2 CompilerThread1" daemon [_thread_blocked, id=1664, stack(0x0000006491f00000,0x0000006492000000)]
  0x000001e73c26c000 JavaThread "C2 CompilerThread0" daemon [_thread_blocked, id=15424, stack(0x0000006491e00000,0x0000006491f00000)]
  0x000001e73c262000 JavaThread "JDWP Command Reader" daemon [_thread_in_native, id=15372, stack(0x0000006491d00000,0x0000006491e00000)]
  0x000001e73c248800 JavaThread "JDWP Event Helper Thread" daemon [_thread_blocked, id=2616, stack(0x0000006491c00000,0x0000006491d00000)]
  0x000001e73c252000 JavaThread "JDWP Transport Listener: dt_socket" daemon [_thread_blocked, id=1612, stack(0x0000006491b00000,0x0000006491c00000)]
  0x000001e73c23f000 JavaThread "Attach Listener" daemon [_thread_blocked, id=12020, stack(0x0000006491a00000,0x0000006491b00000)]
  0x000001e73c23e800 JavaThread "Signal Dispatcher" daemon [_thread_blocked, id=11772, stack(0x0000006491900000,0x0000006491a00000)]
  0x000001e73c215000 JavaThread "Finalizer" daemon [_thread_blocked, id=8228, stack(0x0000006491800000,0x0000006491900000)]
  0x000001e73c20c800 JavaThread "Reference Handler" daemon [_thread_blocked, id=11056, stack(0x0000006491700000,0x0000006491800000)]
  0x000001e7271b9000 JavaThread "main" [_thread_blocked, id=7328, stack(0x0000006490d00000,0x0000006490e00000)]

Other Threads:
  0x000001e73c1e4800 VMThread [stack: 0x0000006491600000,0x0000006491700000] [id=7264]
  0x000001e73c2ae800 WatcherThread [stack: 0x0000006492300000,0x0000006492400000] [id=4568]

=>0x000001e7271d5800 (exited) GCTaskThread [stack: 0x0000006491200000,0x0000006491300000] [id=5736]

VM state:at safepoint (normal execution)

VM Mutex/Monitor currently owned by a thread:  ([mutex/lock_event])
[0x000001e7271b4f50] Threads_lock - owner thread: 0x000001e73c1e4800
[0x000001e7271b66e0] Heap_lock - owner thread: 0x000001e7271b9000

OutOfMemory and StackOverflow Exception counts:
OutOfMemoryError java_heap_errors=10

heap address: 0x000000009ee00000, size: 1554 MB, Compressed Oops mode: 32-bit
Narrow klass base: 0x0000000000000000, Narrow klass shift: 3
Compressed class space size: 1073741824 Address: 0x0000000100000000

Heap:
 PSYoungGen      total 29184K, used 1990K [0x00000000dfa00000, 0x00000000e1a80000, 0x0000000100000000)
  eden space 25088K, 7% used [0x00000000dfa00000,0x00000000dfbf1920,0x00000000e1280000)
  from space 4096K, 0% used [0x00000000e1280000,0x00000000e1280000,0x00000000e1680000)
  to   space 4096K, 6% used [0x00000000e1680000,0x00000000e16c0000,0x00000000e1a80000)
 ParOldGen       total 41472K, used 9647K [0x000000009ee00000, 0x00000000a1680000, 0x00000000dfa00000)
  object space 41472K, 23% used [0x000000009ee00000,0x000000009f76bd48,0x00000000a1680000)
 Metaspace       used 34281K, capacity 35658K, committed 35968K, reserved 1103872K
  class space    used 4408K, capacity 4669K, committed 4736K, reserved 1048576K

Card table byte_map: [0x000001e737ef0000,0x000001e738200000] byte_map_base: 0x000001e7379f9000

Marking Bits: (ParMarkBitMap*) 0x00000000573f7fe0
 Begin Bits: [0x000001e738410000, 0x000001e739c58000)
 End Bits:   [0x000001e739c58000, 0x000001e73b4a0000)

Polling page: 0x000001e727130000

CodeCache: size=245760Kb used=4906Kb max_used=4906Kb free=240853Kb
 bounds [0x000001e728b30000, 0x000001e729000000, 0x000001e737b30000]
 total_blobs=2725 nmethods=2239 adapters=406
 compilation: enabled

Compilation events (10 events):
Event: 2.917 Thread 0x000001e73c27f800 2235       1       java.lang.reflect.ReflectAccess::copyField (5 bytes)
Event: 2.917 Thread 0x000001e73c27f800 nmethod 2235 0x000001e728ff9890 code [0x000001e728ff99e0, 0x000001e728ff9b30]
Event: 2.917 Thread 0x000001e73c27f800 2236       1       sun.reflect.generics.repository.AbstractRepository::getTree (5 bytes)
Event: 2.917 Thread 0x000001e73c27f800 nmethod 2236 0x000001e728ff9bd0 code [0x000001e728ff9d20, 0x000001e728ff9e38]
Event: 2.923 Thread 0x000001e73c27f800 2237       1       java.lang.reflect.Field::hashCode (19 bytes)
Event: 2.923 Thread 0x000001e73c27f800 nmethod 2237 0x000001e728ff9e90 code [0x000001e728ffa000, 0x000001e728ffa1d0]
Event: 2.937 Thread 0x000001e73c27f800 2238       1       org.hibernate.annotations.common.reflection.java.JavaReflectionManager::getMetadataProvider (23 bytes)
Event: 2.937 Thread 0x000001e73c27f800 nmethod 2238 0x000001e728ffa310 code [0x000001e728ffa460, 0x000001e728ffa5f8]
Event: 2.937 Thread 0x000001e73c27f800 2239       1       org.hibernate.annotations.common.reflection.java.JavaXAnnotatedElement::getAnnotationReader (12 bytes)
Event: 2.937 Thread 0x000001e73c27f800 nmethod 2239 0x000001e728ffa6d0 code [0x000001e728ffa840, 0x000001e728ffaa30]

GC Heap History (10 events):
Event: 2.844 GC heap after
Heap after GC invocations=20 (full 5):
 PSYoungGen      total 29184K, used 0K [0x00000000dfa00000, 0x00000000e1a80000, 0x0000000100000000)
  eden space 25088K, 0% used [0x00000000dfa00000,0x00000000dfa00000,0x00000000e1280000)
  from space 4096K, 0% used [0x00000000e1280000,0x00000000e1280000,0x00000000e1680000)
  to   space 4096K, 0% used [0x00000000e1680000,0x00000000e1680000,0x00000000e1a80000)
 ParOldGen       total 41472K, used 9878K [0x000000009ee00000, 0x00000000a1680000, 0x00000000dfa00000)
  object space 41472K, 23% used [0x000000009ee00000,0x000000009f7a58c0,0x00000000a1680000)
 Metaspace       used 33749K, capacity 35140K, committed 35456K, reserved 1097728K
  class space    used 4327K, capacity 4604K, committed 4736K, reserved 1048576K
}
Event: 2.873 GC heap before
{Heap before GC invocations=21 (full 5):
 PSYoungGen      total 29184K, used 2462K [0x00000000dfa00000, 0x00000000e1a80000, 0x0000000100000000)
  eden space 25088K, 9% used [0x00000000dfa00000,0x00000000dfc67890,0x00000000e1280000)
  from space 4096K, 0% used [0x00000000e1280000,0x00000000e1280000,0x00000000e1680000)
  to   space 4096K, 0% used [0x00000000e1680000,0x00000000e1680000,0x00000000e1a80000)
 ParOldGen       total 41472K, used 9878K [0x000000009ee00000, 0x00000000a1680000, 0x00000000dfa00000)
  object space 41472K, 23% used [0x000000009ee00000,0x000000009f7a58c0,0x00000000a1680000)
 Metaspace       used 34057K, capacity 35428K, committed 35712K, reserved 1101824K
  class space    used 4374K, capacity 4636K, committed 4736K, reserved 1048576K
Event: 2.875 GC heap after
Heap after GC invocations=21 (full 5):
 PSYoungGen      total 29184K, used 499K [0x00000000dfa00000, 0x00000000e1a80000, 0x0000000100000000)
  eden space 25088K, 0% used [0x00000000dfa00000,0x00000000dfa00000,0x00000000e1280000)
  from space 4096K, 12% used [0x00000000e1680000,0x00000000e16fcd90,0x00000000e1a80000)
  to   space 4096K, 0% used [0x00000000e1280000,0x00000000e1280000,0x00000000e1680000)
 ParOldGen       total 41472K, used 9878K [0x000000009ee00000, 0x00000000a1680000, 0x00000000dfa00000)
  object space 41472K, 23% used [0x000000009ee00000,0x000000009f7a58c0,0x00000000a1680000)
 Metaspace       used 34057K, capacity 35428K, committed 35712K, reserved 1101824K
  class space    used 4374K, capacity 4636K, committed 4736K, reserved 1048576K
}
Event: 2.875 GC heap before
{Heap before GC invocations=22 (full 6):
 PSYoungGen      total 29184K, used 499K [0x00000000dfa00000, 0x00000000e1a80000, 0x0000000100000000)
  eden space 25088K, 0% used [0x00000000dfa00000,0x00000000dfa00000,0x00000000e1280000)
  from space 4096K, 12% used [0x00000000e1680000,0x00000000e16fcd90,0x00000000e1a80000)
  to   space 4096K, 0% used [0x00000000e1280000,0x00000000e1280000,0x00000000e1680000)
 ParOldGen       total 41472K, used 9878K [0x000000009ee00000, 0x00000000a1680000, 0x00000000dfa00000)
  object space 41472K, 23% used [0x000000009ee00000,0x000000009f7a58c0,0x00000000a1680000)
 Metaspace       used 34057K, capacity 35428K, committed 35712K, reserved 1101824K
  class space    used 4374K, capacity 4636K, committed 4736K, reserved 1048576K
Event: 2.892 GC heap after
Heap after GC invocations=22 (full 6):
 PSYoungGen      total 29184K, used 0K [0x00000000dfa00000, 0x00000000e1a80000, 0x0000000100000000)
  eden space 25088K, 0% used [0x00000000dfa00000,0x00000000dfa00000,0x00000000e1280000)
  from space 4096K, 0% used [0x00000000e1680000,0x00000000e1680000,0x00000000e1a80000)
  to   space 4096K, 0% used [0x00000000e1280000,0x00000000e1280000,0x00000000e1680000)
 ParOldGen       total 41472K, used 9905K [0x000000009ee00000, 0x00000000a1680000, 0x00000000dfa00000)
  object space 41472K, 23% used [0x000000009ee00000,0x000000009f7ac660,0x00000000a1680000)
 Metaspace       used 34057K, capacity 35428K, committed 35712K, reserved 1099776K
  class space    used 4374K, capacity 4636K, committed 4736K, reserved 1048576K
}
Event: 2.892 GC heap before
{Heap before GC invocations=23 (full 6):
 PSYoungGen      total 29184K, used 0K [0x00000000dfa00000, 0x00000000e1a80000, 0x0000000100000000)
  eden space 25088K, 0% used [0x00000000dfa00000,0x00000000dfa00000,0x00000000e1280000)
  from space 4096K, 0% used [0x00000000e1680000,0x00000000e1680000,0x00000000e1a80000)
  to   space 4096K, 0% used [0x00000000e1280000,0x00000000e1280000,0x00000000e1680000)
 ParOldGen       total 41472K, used 9905K [0x000000009ee00000, 0x00000000a1680000, 0x00000000dfa00000)
  object space 41472K, 23% used [0x000000009ee00000,0x000000009f7ac660,0x00000000a1680000)
 Metaspace       used 34058K, capacity 35428K, committed 35712K, reserved 1103872K
  class space    used 4374K, capacity 4636K, committed 4736K, reserved 1048576K
Event: 2.894 GC heap after
Heap after GC invocations=23 (full 6):
 PSYoungGen      total 29184K, used 0K [0x00000000dfa00000, 0x00000000e1a80000, 0x0000000100000000)
  eden space 25088K, 0% used [0x00000000dfa00000,0x00000000dfa00000,0x00000000e1280000)
  from space 4096K, 0% used [0x00000000e1280000,0x00000000e1280000,0x00000000e1680000)
  to   space 4096K, 0% used [0x00000000e1680000,0x00000000e1680000,0x00000000e1a80000)
 ParOldGen       total 41472K, used 9905K [0x000000009ee00000, 0x00000000a1680000, 0x00000000dfa00000)
  object space 41472K, 23% used [0x000000009ee00000,0x000000009f7ac660,0x00000000a1680000)
 Metaspace       used 34058K, capacity 35428K, committed 35712K, reserved 1103872K
  class space    used 4374K, capacity 4636K, committed 4736K, reserved 1048576K
}
Event: 2.894 GC heap before
{Heap before GC invocations=24 (full 7):
 PSYoungGen      total 29184K, used 0K [0x00000000dfa00000, 0x00000000e1a80000, 0x0000000100000000)
  eden space 25088K, 0% used [0x00000000dfa00000,0x00000000dfa00000,0x00000000e1280000)
  from space 4096K, 0% used [0x00000000e1280000,0x00000000e1280000,0x00000000e1680000)
  to   space 4096K, 0% used [0x00000000e1680000,0x00000000e1680000,0x00000000e1a80000)
 ParOldGen       total 41472K, used 9905K [0x000000009ee00000, 0x00000000a1680000, 0x00000000dfa00000)
  object space 41472K, 23% used [0x000000009ee00000,0x000000009f7ac660,0x00000000a1680000)
 Metaspace       used 34058K, capacity 35428K, committed 35712K, reserved 1103872K
  class space    used 4374K, capacity 4636K, committed 4736K, reserved 1048576K
Event: 2.913 GC heap after
Heap after GC invocations=24 (full 7):
 PSYoungGen      total 29184K, used 0K [0x00000000dfa00000, 0x00000000e1a80000, 0x0000000100000000)
  eden space 25088K, 0% used [0x00000000dfa00000,0x00000000dfa00000,0x00000000e1280000)
  from space 4096K, 0% used [0x00000000e1280000,0x00000000e1280000,0x00000000e1680000)
  to   space 4096K, 0% used [0x00000000e1680000,0x00000000e1680000,0x00000000e1a80000)
 ParOldGen       total 41472K, used 9647K [0x000000009ee00000, 0x00000000a1680000, 0x00000000dfa00000)
  object space 41472K, 23% used [0x000000009ee00000,0x000000009f76bd48,0x00000000a1680000)
 Metaspace       used 34058K, capacity 35428K, committed 35712K, reserved 1099776K
  class space    used 4374K, capacity 4636K, committed 4736K, reserved 1048576K
}
Event: 2.938 GC heap before
{Heap before GC invocations=25 (full 7):
 PSYoungGen      total 29184K, used 1990K [0x00000000dfa00000, 0x00000000e1a80000, 0x0000000100000000)
  eden space 25088K, 7% used [0x00000000dfa00000,0x00000000dfbf1828,0x00000000e1280000)
  from space 4096K, 0% used [0x00000000e1280000,0x00000000e1280000,0x00000000e1680000)
  to   space 4096K, 0% used [0x00000000e1680000,0x00000000e1680000,0x00000000e1a80000)
 ParOldGen       total 41472K, used 9647K [0x000000009ee00000, 0x00000000a1680000, 0x00000000dfa00000)
  object space 41472K, 23% used [0x000000009ee00000,0x000000009f76bd48,0x00000000a1680000)
 Metaspace       used 34281K, capacity 35658K, committed 35968K, reserved 1103872K
  class space    used 4408K, capacity 4669K, committed 4736K, reserved 1048576K

Deoptimization events (0 events):
No events

Classes redefined (0 events):
No events

Internal exceptions (10 events):
Event: 1.511 Thread 0x000001e7271b9000 Exception <a 'java/lang/ArrayIndexOutOfBoundsException'> (0x00000000e000aef0) thrown at [C:\jenkins\workspace\8-2-build-windows-amd64-cygwin\jdk8u271\605\hotspot\src\share\vm\runtime\sharedRuntime.cpp, line 609]
Event: 1.514 Thread 0x000001e7271b9000 Exception <a 'java/lang/NoSuchMethodError': java.lang.Object.lambda$and$0(Ljava/util/function/Predicate;Ljava/lang/Object;)Z> (0x00000000e00416b8) thrown at [C:\jenkins\workspace\8-2-build-windows-amd64-cygwin\jdk8u271\605\hotspot\src\share\vm\interpreter
Event: 1.521 Thread 0x000001e7271b9000 Exception <a 'java/lang/ArrayIndexOutOfBoundsException'> (0x00000000e00f9410) thrown at [C:\jenkins\workspace\8-2-build-windows-amd64-cygwin\jdk8u271\605\hotspot\src\share\vm\runtime\sharedRuntime.cpp, line 609]
Event: 1.922 Thread 0x000001e7271b9000 Exception <a 'java/io/FileNotFoundException'> (0x00000000e05de300) thrown at [C:\jenkins\workspace\8-2-build-windows-amd64-cygwin\jdk8u271\605\hotspot\src\share\vm\prims\jni.cpp, line 710]
Event: 1.922 Thread 0x000001e7271b9000 Exception <a 'java/io/FileNotFoundException'> (0x00000000e05df3b8) thrown at [C:\jenkins\workspace\8-2-build-windows-amd64-cygwin\jdk8u271\605\hotspot\src\share\vm\prims\jni.cpp, line 710]
Event: 1.963 Thread 0x000001e7271b9000 Exception <a 'java/io/FileNotFoundException'> (0x00000000e092dcf8) thrown at [C:\jenkins\workspace\8-2-build-windows-amd64-cygwin\jdk8u271\605\hotspot\src\share\vm\prims\jni.cpp, line 710]
Event: 2.871 Thread 0x000001e7271b9000 Exception <a 'java/lang/ArrayIndexOutOfBoundsException'> (0x00000000dfbd0e98) thrown at [C:\jenkins\workspace\8-2-build-windows-amd64-cygwin\jdk8u271\605\hotspot\src\share\vm\runtime\sharedRuntime.cpp, line 609]
Event: 2.871 Thread 0x000001e7271b9000 Exception <a 'java/lang/ArrayIndexOutOfBoundsException'> (0x00000000dfbd1d40) thrown at [C:\jenkins\workspace\8-2-build-windows-amd64-cygwin\jdk8u271\605\hotspot\src\share\vm\runtime\sharedRuntime.cpp, line 609]
Event: 2.917 Thread 0x000001e7271b9000 Exception <a 'java/lang/ArrayIndexOutOfBoundsException'> (0x00000000dfa15908) thrown at [C:\jenkins\workspace\8-2-build-windows-amd64-cygwin\jdk8u271\605\hotspot\src\share\vm\runtime\sharedRuntime.cpp, line 609]
Event: 2.917 Thread 0x000001e7271b9000 Exception <a 'java/lang/ArrayIndexOutOfBoundsException'> (0x00000000dfa16610) thrown at [C:\jenkins\workspace\8-2-build-windows-amd64-cygwin\jdk8u271\605\hotspot\src\share\vm\runtime\sharedRuntime.cpp, line 609]

Events (10 events):
Event: 2.936 Thread 0x000001e7271b9000 DEOPT UNPACKING pc=0x000001e728b77898 sp=0x0000006490dfc840 mode 1
Event: 2.937 loading class org/hibernate/mapping/Component
Event: 2.937 loading class org/hibernate/mapping/Component done
Event: 2.937 Thread 0x000001e7271b9000 DEOPT PACKING pc=0x000001e728cf1f09 sp=0x0000006490dfc650
Event: 2.937 Thread 0x000001e7271b9000 DEOPT UNPACKING pc=0x000001e728b77898 sp=0x0000006490dfc3a0 mode 1
Event: 2.937 Thread 0x000001e7271b9000 DEOPT PACKING pc=0x000001e728ca4344 sp=0x0000006490dfc6d0
Event: 2.937 Thread 0x000001e7271b9000 DEOPT UNPACKING pc=0x000001e728b77898 sp=0x0000006490dfc4f0 mode 1
Event: 2.937 Thread 0x000001e7271b9000 DEOPT PACKING pc=0x000001e728ca4284 sp=0x0000006490dfc860
Event: 2.937 Thread 0x000001e7271b9000 DEOPT UNPACKING pc=0x000001e728b77898 sp=0x0000006490dfc680 mode 1
Event: 2.937 Executing VM operation: CollectForMetadataAllocation


Dynamic libraries:
0x00007ff728e30000 - 0x00007ff728e77000 	C:\Program Files\Java\jdk1.8.0_271\bin\java.exe
0x00007ffc21af0000 - 0x00007ffc21ce6000 	C:\WINDOWS\SYSTEM32\ntdll.dll
0x00007ffc1ff70000 - 0x00007ffc2002d000 	C:\WINDOWS\System32\KERNEL32.DLL
0x00007ffc1f890000 - 0x00007ffc1fb58000 	C:\WINDOWS\System32\KERNELBASE.dll
0x00007ffc20810000 - 0x00007ffc208ba000 	C:\WINDOWS\System32\ADVAPI32.dll
0x00007ffc21820000 - 0x00007ffc218be000 	C:\WINDOWS\System32\msvcrt.dll
0x00007ffc20a00000 - 0x00007ffc20a9b000 	C:\WINDOWS\System32\sechost.dll
0x00007ffc208c0000 - 0x00007ffc209e4000 	C:\WINDOWS\System32\RPCRT4.dll
0x00007ffc218f0000 - 0x00007ffc21a90000 	C:\WINDOWS\System32\USER32.dll
0x00007ffc1f650000 - 0x00007ffc1f672000 	C:\WINDOWS\System32\win32u.dll
0x00007ffc218c0000 - 0x00007ffc218ea000 	C:\WINDOWS\System32\GDI32.dll
0x00007ffc1f4a0000 - 0x00007ffc1f5a9000 	C:\WINDOWS\System32\gdi32full.dll
0x00007ffc1f5b0000 - 0x00007ffc1f64d000 	C:\WINDOWS\System32\msvcp_win.dll
0x00007ffc1f2a0000 - 0x00007ffc1f3a0000 	C:\WINDOWS\System32\ucrtbase.dll
0x00007ffc12c30000 - 0x00007ffc12ecb000 	C:\WINDOWS\WinSxS\amd64_microsoft.windows.common-controls_6595b64144ccf1df_6.0.19041.488_none_ca04af081b815d21\COMCTL32.dll
0x00007ffc20710000 - 0x00007ffc20740000 	C:\WINDOWS\System32\IMM32.DLL
0x00007ffc1a460000 - 0x00007ffc1a475000 	C:\Program Files\Java\jdk1.8.0_271\jre\bin\vcruntime140.dll
0x00007ffc04500000 - 0x00007ffc0459b000 	C:\Program Files\Java\jdk1.8.0_271\jre\bin\msvcp140.dll
0x0000000056c00000 - 0x000000005746f000 	C:\Program Files\Java\jdk1.8.0_271\jre\bin\server\jvm.dll
0x00007ffc20c50000 - 0x00007ffc20c58000 	C:\WINDOWS\System32\PSAPI.DLL
0x00007ffc16c90000 - 0x00007ffc16c99000 	C:\WINDOWS\SYSTEM32\WSOCK32.dll
0x00007ffc126c0000 - 0x00007ffc126e7000 	C:\WINDOWS\SYSTEM32\WINMM.dll
0x00007ffc17490000 - 0x00007ffc1749a000 	C:\WINDOWS\SYSTEM32\VERSION.dll
0x00007ffc207a0000 - 0x00007ffc2080b000 	C:\WINDOWS\System32\WS2_32.dll
0x00007ffc1db70000 - 0x00007ffc1db82000 	C:\WINDOWS\SYSTEM32\kernel.appcore.dll
0x00007ffc18480000 - 0x00007ffc18490000 	C:\Program Files\Java\jdk1.8.0_271\jre\bin\verify.dll
0x00007ffc091e0000 - 0x00007ffc0920b000 	C:\Program Files\Java\jdk1.8.0_271\jre\bin\java.dll
0x00007ffc10180000 - 0x00007ffc101b6000 	C:\Program Files\Java\jdk1.8.0_271\jre\bin\jdwp.dll
0x00007ffc18470000 - 0x00007ffc18479000 	C:\Program Files\Java\jdk1.8.0_271\jre\bin\npt.dll
0x00007ffc104b0000 - 0x00007ffc104c8000 	C:\Program Files\Java\jdk1.8.0_271\jre\bin\zip.dll
0x00007ffc20ff0000 - 0x00007ffc21730000 	C:\WINDOWS\System32\SHELL32.dll
0x00007ffc1d100000 - 0x00007ffc1d894000 	C:\WINDOWS\SYSTEM32\windows.storage.dll
0x00007ffc1fb60000 - 0x00007ffc1feb5000 	C:\WINDOWS\System32\combase.dll
0x00007ffc1ebe0000 - 0x00007ffc1ec0c000 	C:\WINDOWS\SYSTEM32\Wldp.dll
0x00007ffc1fec0000 - 0x00007ffc1ff6e000 	C:\WINDOWS\System32\SHCORE.dll
0x00007ffc20f90000 - 0x00007ffc20fe5000 	C:\WINDOWS\System32\shlwapi.dll
0x00007ffc1f170000 - 0x00007ffc1f196000 	C:\WINDOWS\SYSTEM32\profapi.dll
0x00007ffc18460000 - 0x00007ffc1846a000 	C:\Program Files\Java\jdk1.8.0_271\jre\bin\dt_socket.dll
0x00007ffc1e960000 - 0x00007ffc1e9ca000 	C:\WINDOWS\system32\mswsock.dll
0x00007ffc103c0000 - 0x00007ffc103cd000 	C:\Program Files\Java\jdk1.8.0_271\jre\bin\management.dll
0x00007ffc091c0000 - 0x00007ffc091dc000 	C:\Program Files\Java\jdk1.8.0_271\jre\bin\net.dll
0x00007ffbed730000 - 0x00007ffbed747000 	C:\WINDOWS\system32\napinsp.dll
0x00007ffbed710000 - 0x00007ffbed72b000 	C:\WINDOWS\system32\pnrpnsp.dll
0x00007ffc19de0000 - 0x00007ffc19df5000 	C:\WINDOWS\system32\wshbth.dll
0x00007ffc19ca0000 - 0x00007ffc19cbd000 	C:\WINDOWS\system32\NLAapi.dll
0x00007ffc1e650000 - 0x00007ffc1e68b000 	C:\WINDOWS\SYSTEM32\IPHLPAPI.DLL
0x00007ffc1e690000 - 0x00007ffc1e75b000 	C:\WINDOWS\SYSTEM32\DNSAPI.dll
0x00007ffc21810000 - 0x00007ffc21819000 	C:\WINDOWS\System32\NSI.dll
0x00007ffbe4060000 - 0x00007ffbe4072000 	C:\WINDOWS\System32\winrnr.dll
0x00007ffc174a0000 - 0x00007ffc174aa000 	C:\Windows\System32\rasadhlp.dll
0x00007ffc12820000 - 0x00007ffc1289f000 	C:\WINDOWS\System32\fwpuclnt.dll
0x00007ffc1f700000 - 0x00007ffc1f727000 	C:\WINDOWS\System32\bcrypt.dll
0x00007ffc08e00000 - 0x00007ffc08e13000 	C:\Program Files\Java\jdk1.8.0_271\jre\bin\nio.dll
0x00007ffc1eb40000 - 0x00007ffc1eb58000 	C:\WINDOWS\SYSTEM32\CRYPTSP.dll
0x00007ffc1e2f0000 - 0x00007ffc1e324000 	C:\WINDOWS\system32\rsaenh.dll
0x00007ffc1f0a0000 - 0x00007ffc1f0ce000 	C:\WINDOWS\SYSTEM32\USERENV.dll
0x00007ffc1f680000 - 0x00007ffc1f6ff000 	C:\WINDOWS\System32\bcryptprimitives.dll
0x00007ffc1eb30000 - 0x00007ffc1eb3c000 	C:\WINDOWS\SYSTEM32\CRYPTBASE.dll
0x00007ffc16ba0000 - 0x00007ffc16bb7000 	C:\WINDOWS\SYSTEM32\dhcpcsvc6.DLL
0x00007ffc16b80000 - 0x00007ffc16b9d000 	C:\WINDOWS\SYSTEM32\dhcpcsvc.DLL

VM Arguments:
jvm_args: -agentlib:jdwp=transport=dt_socket,server=n,suspend=y,address=63356 -Xverify:none -XX:TieredStopAtLevel=1 -Dfile.encoding=windows-1252 -Duser.country=CL -Duser.language=es -Duser.variant 
java_command: ejercicio.evaluacion.EvaluacionApplication
java_class_path (initial): C:\Users\x_xka\Desktop\evaluacion\build\classes\java\main;C:\Users\x_xka\Desktop\evaluacion\build\resources\main;C:\Users\x_xka\.gradle\caches\modules-2\files-2.1\org.hibernate\hibernate-entitymanager\5.4.22.Final\41f45e956ffa09c0c14add80c788e8ad71a4d0b8\hibernate-entitymanager-5.4.22.Final.jar;C:\Users\x_xka\.gradle\caches\modules-2\files-2.1\org.hibernate\hibernate-core\5.4.22.Final\3171ee075e69d4be3a39cbadcad9db3c2c0f2681\hibernate-core-5.4.22.Final.jar;C:\Users\x_xka\.gradle\caches\modules-2\files-2.1\org.eclipse.persistence\javax.persistence\2.2.1\7ea990b062655a52ca5010cf8716fb3fbde46d2e\javax.persistence-2.2.1.jar;C:\Users\x_xka\.gradle\caches\modules-2\files-2.1\com.h2database\h2\1.4.200\f7533fe7cb8e99c87a43d325a77b4b678ad9031a\h2-1.4.200.jar;C:\Users\x_xka\.gradle\caches\modules-2\files-2.1\org.springframework.boot\spring-boot-starter-web\2.3.4.RELEASE\fe00611add5307c1f25f955b5229b7dddaaa2ff4\spring-boot-starter-web-2.3.4.RELEASE.jar;C:\Users\x_xka\.gradle\caches\modules-2\files-2.1\org.springframework.boot\spring-boot-starter-tomcat\2.3.4.RELEASE\acffbb94a26dd1b7e9c38795797197e2dcb9d2e5\spring-boot-starter-tomcat-2.3.4.RELEASE.jar;C:\Users\x_xka\.gradle\caches\modules-2\files-2.1\org.hibernate.common\hibernate-commons-annotations\5.1.0.Final\700aeedc4a2089816621948f0379e17cbd17d5db\hibernate-commons-annotations-5.1.0.Final.jar;C:\Users\x_xka\.gradle\caches\modules-2\files-2.1\org.jboss.logging\jboss-logging\3.4.1.Final\40fd4d696c55793e996d1ff3c475833f836c2498\jboss-logging-3.4.1.Final.jar;C:\Users\x_xka\.gradle\caches\modules-2\files-2.1\javax.persistence\javax.persistence-api\2.2\25665ac8c0b62f50e6488173233239120fc52c96\javax.persistence-api-2.2.jar;C:\Users\x_xka\.gradle\caches\modules-2\files-2.1\org.javassist\javassist\3.24.0-GA\d7466fc2e3af7c023e95c510f06448ad29b225b3\javassist-3.24.0-GA.jar;C:\Users\x_xka\.gradle\caches\modules-2\files-2.1\net.bytebuddy\byte-buddy\1.10.14\5288bd154aa7bc8ea81a658f60a790f646025832\byte-buddy
Launcher Type: SUN_STANDARD

Environment Variables:
JAVA_HOME=C:\Program Files\Java\jdk1.8.0_271
CLASSPATH=C:\Program Files\Java\jdk1.8.0_271\lib
PATH=C:\Program Files (x86)\Common Files\Oracle\Java\javapath;C:\Python27\;C:\Python27\Scripts;C:\Program Files (x86)\Intel\iCLS Client\;C:\Program Files\Intel\iCLS Client\;C:\WINDOWS\system32;C:\WINDOWS;C:\WINDOWS\System32\Wbem;C:\WINDOWS\System32\WindowsPowerShell\v1.0\;C:\Program Files (x86)\Intel\Intel(R) Management Engine Components\DAL;C:\Program Files\Intel\Intel(R) Management Engine Components\DAL;C:\Program Files (x86)\Intel\Intel(R) Management Engine Components\IPT;C:\Program Files\Intel\Intel(R) Management Engine Components\IPT;C:\WINDOWS\System32\OpenSSH\;C:\Program Files\Java\jdk1.8.0_271\bin;C:\Program Files\apache-maven-3.3.9\bin;C:\Program Files\Git\cmd;C:\ProgramData\chocolatey\bin;C:\Program Files\nodejs\;C:\Users\x_xka\AppData\Local\Android\Sdk\platform-tools;C:\Program Files (x86)\Yarn\bin\;C:\Users\x_xka\AppData\Local\Microsoft\WindowsApps;C:\Users\x_xka\AppData\Local\Programs\Microsoft VS Code\bin;C:\gradle-6.7\bin;C:\Users\x_xka\AppData\Roaming\npm;C:\Users\x_xka\AppData\Local\atom\bin;C:\Users\x_xka\AppData\Local\Yarn\bin;C:\Users\x_xka\AppData\Local\Microsoft\WindowsApps;
USERNAME=x_xka
OS=Windows_NT
PROCESSOR_IDENTIFIER=Intel64 Family 6 Model 142 Stepping 10, GenuineIntel



---------------  S Y S T E M  ---------------

OS: Windows 10.0 , 64 bit Build 19041 (10.0.19041.546)

CPU:total 8 (initial active 8) (4 cores per cpu, 2 threads per core) family 6 model 142 stepping 10, cmov, cx8, fxsr, mmx, sse, sse2, sse3, ssse3, sse4.1, sse4.2, popcnt, avx, avx2, aes, clmul, erms, 3dnowpref, lzcnt, ht, tsc, tscinvbit, bmi1, bmi2, adx

Memory: 4k page, physical 6359780k(389152k free), swap 10259172k(4104k free)

vm_info: Java HotSpot(TM) 64-Bit Server VM (25.271-b09) for windows-amd64 JRE (1.8.0_271-b09), built on Sep 16 2020 19:14:59 by "" with MS VC++ 15.9 (VS2017)

time: Thu Oct 22 22:27:24 2020
timezone: Hora verano Sudamérica Pacífico
elapsed time: 2.949213 seconds (0d 0h 0m 2s)

