#
# There is insufficient memory for the Java Runtime Environment to continue.
# Native memory allocation (malloc) failed to allocate 726672 bytes for Chunk::new
# Possible reasons:
#   The system is out of physical RAM or swap space
#   The process is running with CompressedOops enabled, and the Java Heap may be blocking the growth of the native heap
# Possible solutions:
#   Reduce memory load on the system
#   Increase physical memory or swap space
#   Check if swap backing store is full
#   Decrease Java heap size (-Xmx/-Xms)
#   Decrease number of Java threads
#   Decrease Java thread stack sizes (-Xss)
#   Set larger code cache with -XX:ReservedCodeCacheSize=
#   JVM is running with Unscaled Compressed Oops mode in which the Java heap is
#     placed in the first 4GB address space. The Java Heap base address is the
#     maximum limit for the native heap growth. Please use -XX:HeapBaseMinAddress
#     to set the Java Heap base and to place the Java Heap above 4GB virtual address.
# This output file may be truncated or incomplete.
#
#  Out of Memory Error (allocation.cpp:389), pid=13840, tid=0x0000000000004694
#
# JRE version: Java(TM) SE Runtime Environment (8.0_271-b09) (build 1.8.0_271-b09)
# Java VM: Java HotSpot(TM) 64-Bit Server VM (25.271-b09 mixed mode windows-amd64 compressed oops)
# Failed to write core dump. Minidumps are not enabled by default on client versions of Windows
#

---------------  T H R E A D  ---------------

Current thread (0x000001463b5a4000):  JavaThread "C2 CompilerThread2" daemon [_thread_in_native, id=18068, stack(0x0000004082c00000,0x0000004082d00000)]

Stack: [0x0000004082c00000,0x0000004082d00000]
Native frames: (J=compiled Java code, j=interpreted, Vv=VM code, C=native code)
V  [jvm.dll+0x33f6c9]
V  [jvm.dll+0x286122]
V  [jvm.dll+0x286dcd]
V  [jvm.dll+0x27d805]
V  [jvm.dll+0xe574c]
V  [jvm.dll+0xe5f4c]
V  [jvm.dll+0x4c6d97]
V  [jvm.dll+0x4c5cfe]
V  [jvm.dll+0x450a2e]
V  [jvm.dll+0x44ffe5]
V  [jvm.dll+0x43aef7]
V  [jvm.dll+0xbc3eb]
V  [jvm.dll+0xbaa4b]
V  [jvm.dll+0x24e7c2]
V  [jvm.dll+0x2a2dcc]
C  [ucrtbase.dll+0x214c2]
C  [KERNEL32.DLL+0x17034]
C  [ntdll.dll+0x4cec1]


Current CompileTask:
C2:   8961 4659       4       groovy.lang.MetaClassImpl::addMetaMethodToIndex (65 bytes)


---------------  P R O C E S S  ---------------

Java Threads: ( => current thread )
  0x0000014640859000 JavaThread "jar transforms Thread 17" [_thread_blocked, id=16224, stack(0x0000004085e00000,0x0000004085f00000)]
  0x0000014640855800 JavaThread "jar transforms Thread 16" [_thread_blocked, id=14412, stack(0x0000004085d00000,0x0000004085e00000)]
  0x0000014640856000 JavaThread "jar transforms Thread 15" [_thread_blocked, id=664, stack(0x0000004085c00000,0x0000004085d00000)]
  0x0000014640854800 JavaThread "jar transforms Thread 14" [_thread_blocked, id=15324, stack(0x0000004085b00000,0x0000004085c00000)]
  0x0000014640854000 JavaThread "jar transforms Thread 13" [_thread_blocked, id=10296, stack(0x0000004085a00000,0x0000004085b00000)]
  0x0000014640858800 JavaThread "jar transforms Thread 12" [_thread_blocked, id=10896, stack(0x0000004085900000,0x0000004085a00000)]
  0x0000014640853000 JavaThread "jar transforms Thread 11" [_thread_blocked, id=5316, stack(0x0000004085800000,0x0000004085900000)]
  0x0000014640857800 JavaThread "jar transforms Thread 10" [_thread_blocked, id=4328, stack(0x0000004085700000,0x0000004085800000)]
  0x0000014640857000 JavaThread "jar transforms Thread 9" [_thread_blocked, id=6844, stack(0x0000004085600000,0x0000004085700000)]
  0x000001463cd47800 JavaThread "jar transforms Thread 8" [_thread_blocked, id=16956, stack(0x0000004085500000,0x0000004085600000)]
  0x000001463cd4a800 JavaThread "jar transforms Thread 7" [_thread_blocked, id=1760, stack(0x0000004085400000,0x0000004085500000)]
  0x000001463cd4a000 JavaThread "jar transforms Thread 6" [_thread_blocked, id=16980, stack(0x0000004085300000,0x0000004085400000)]
  0x000001463cd46800 JavaThread "jar transforms Thread 5" [_thread_blocked, id=15476, stack(0x0000004085200000,0x0000004085300000)]
  0x000001463cd49000 JavaThread "jar transforms Thread 4" [_thread_blocked, id=4932, stack(0x0000004085100000,0x0000004085200000)]
  0x000001463cd48000 JavaThread "jar transforms Thread 3" [_thread_blocked, id=10328, stack(0x0000004085000000,0x0000004085100000)]
  0x000001463cd4b800 JavaThread "jar transforms Thread 2" [_thread_blocked, id=16548, stack(0x0000004084f00000,0x0000004085000000)]
  0x000001463cd46000 JavaThread "Build operations Thread 8" [_thread_blocked, id=13748, stack(0x0000004084e00000,0x0000004084f00000)]
  0x000001463cd3e800 JavaThread "Build operations Thread 7" [_thread_blocked, id=9932, stack(0x0000004084d00000,0x0000004084e00000)]
  0x000001463cd45000 JavaThread "Build operations Thread 6" [_thread_blocked, id=14244, stack(0x0000004084c00000,0x0000004084d00000)]
  0x000001463cd44800 JavaThread "Build operations Thread 5" [_thread_blocked, id=4552, stack(0x0000004084b00000,0x0000004084c00000)]
  0x000001463cd3d000 JavaThread "Build operations Thread 4" [_thread_blocked, id=17928, stack(0x0000004084a00000,0x0000004084b00000)]
  0x000001463cd43800 JavaThread "Build operations Thread 3" [_thread_blocked, id=10172, stack(0x0000004084900000,0x0000004084a00000)]
  0x000001463cd3f000 JavaThread "Build operations Thread 2" [_thread_blocked, id=3356, stack(0x0000004084800000,0x0000004084900000)]
  0x000001463cd41800 JavaThread "Build operations" [_thread_blocked, id=14776, stack(0x0000004084700000,0x0000004084800000)]
  0x000001463cd3c000 JavaThread "Cache worker for Build Output Cleanup Cache (C:\Users\x_xka\Desktop\evaluacion\.gradle\buildOutputCleanup)" [_thread_blocked, id=10364, stack(0x0000004084600000,0x0000004084700000)]
  0x000001463cd3d800 JavaThread "Cache worker for file content cache (C:\Users\x_xka\.gradle\caches\6.6.1\fileContent)" [_thread_blocked, id=396, stack(0x0000004084500000,0x0000004084600000)]
  0x000001463cd43000 JavaThread "jar transforms" [_thread_blocked, id=14792, stack(0x0000004084400000,0x0000004084500000)]
  0x000001463e9fb800 JavaThread "Cache worker for execution history cache (C:\Users\x_xka\.gradle\caches\6.6.1\executionHistory)" [_thread_blocked, id=7008, stack(0x0000004084300000,0x0000004084400000)]
  0x000001463e9fd000 JavaThread "Cache worker for cache directory md-rule (C:\Users\x_xka\.gradle\caches\6.6.1\md-rule)" [_thread_blocked, id=5252, stack(0x0000004084200000,0x0000004084300000)]
  0x000001463ea01000 JavaThread "Cache worker for cache directory md-supplier (C:\Users\x_xka\.gradle\caches\6.6.1\md-supplier)" [_thread_blocked, id=14644, stack(0x0000004084100000,0x0000004084200000)]
  0x000001463e9fe000 JavaThread "Cache worker for checksums cache (C:\Users\x_xka\Desktop\evaluacion\.gradle\checksums)" [_thread_blocked, id=13728, stack(0x0000004084000000,0x0000004084100000)]
  0x000001463e9fa000 JavaThread "Cache worker for file hash cache (C:\Users\x_xka\Desktop\evaluacion\.gradle\6.6.1\fileHashes)" [_thread_blocked, id=18072, stack(0x0000004083f00000,0x0000004084000000)]
  0x000001463e9ff800 JavaThread "Cache worker for journal cache (C:\Users\x_xka\.gradle\caches\journal-1)" [_thread_blocked, id=2588, stack(0x0000004083e00000,0x0000004083f00000)]
  0x000001463e9fc800 JavaThread "File lock request listener" [_thread_in_native, id=7204, stack(0x0000004083d00000,0x0000004083e00000)]
  0x000001463e9fb000 JavaThread "Cache worker for file hash cache (C:\Users\x_xka\.gradle\caches\6.6.1\fileHashes)" [_thread_blocked, id=3908, stack(0x0000004083c00000,0x0000004083d00000)]
  0x000001463e8ec000 JavaThread "Thread-9" [_thread_blocked, id=8424, stack(0x0000004083b00000,0x0000004083c00000)]
  0x000001463e8e7000 JavaThread "Stdin handler" [_thread_blocked, id=11888, stack(0x0000004083a00000,0x0000004083b00000)]
  0x000001463e8e5800 JavaThread "Asynchronous log dispatcher for DefaultDaemonConnection: socket connection from /127.0.0.1:63390 to /127.0.0.1:63391" [_thread_blocked, id=840, stack(0x0000004083900000,0x0000004083a00000)]
  0x000001463e8cf800 JavaThread "Daemon worker" [_thread_in_vm, id=17316, stack(0x0000004083800000,0x0000004083900000)]
  0x000001463e8ce800 JavaThread "Cancel handler" [_thread_blocked, id=3380, stack(0x0000004083700000,0x0000004083800000)]
  0x000001463e8be000 JavaThread "Handler for socket connection from /127.0.0.1:63390 to /127.0.0.1:63391" [_thread_in_native, id=11068, stack(0x0000004083600000,0x0000004083700000)]
  0x000001463e844000 JavaThread "Daemon" [_thread_blocked, id=12832, stack(0x0000004083500000,0x0000004083600000)]
  0x000001463e83f800 JavaThread "Daemon periodic checks" [_thread_blocked, id=4828, stack(0x0000004083400000,0x0000004083500000)]
  0x000001463e846800 JavaThread "Incoming local TCP Connector on port 63390" [_thread_in_native, id=7900, stack(0x0000004083300000,0x0000004083400000)]
  0x000001463e6de800 JavaThread "Daemon health stats" [_thread_blocked, id=10468, stack(0x0000004083000000,0x0000004083100000)]
  0x000001463c968800 JavaThread "Service Thread" daemon [_thread_blocked, id=8200, stack(0x0000004082e00000,0x0000004082f00000)]
  0x000001463b5a5000 JavaThread "C1 CompilerThread3" daemon [_thread_in_vm, id=3172, stack(0x0000004082d00000,0x0000004082e00000)]
=>0x000001463b5a4000 JavaThread "C2 CompilerThread2" daemon [_thread_in_native, id=18068, stack(0x0000004082c00000,0x0000004082d00000)]
  0x000001463b59f000 JavaThread "C2 CompilerThread1" daemon [_thread_in_native, id=1548, stack(0x0000004082b00000,0x0000004082c00000)]
  0x000001463b59c000 JavaThread "C2 CompilerThread0" daemon [_thread_in_native, id=9948, stack(0x0000004082a00000,0x0000004082b00000)]
  0x000001463b58d000 JavaThread "JDWP Command Reader" daemon [_thread_in_native, id=14692, stack(0x0000004082900000,0x0000004082a00000)]
  0x000001463b587000 JavaThread "JDWP Event Helper Thread" daemon [_thread_blocked, id=4412, stack(0x0000004082800000,0x0000004082900000)]
  0x000001463b583800 JavaThread "JDWP Transport Listener: dt_socket" daemon [_thread_blocked, id=3824, stack(0x0000004082700000,0x0000004082800000)]
  0x000001463b572800 JavaThread "Attach Listener" daemon [_thread_blocked, id=10732, stack(0x0000004082600000,0x0000004082700000)]
  0x000001463b571800 JavaThread "Signal Dispatcher" daemon [_thread_blocked, id=3592, stack(0x0000004082500000,0x0000004082600000)]
  0x000001463b541800 JavaThread "Finalizer" daemon [_thread_blocked, id=11776, stack(0x0000004082400000,0x0000004082500000)]
  0x000001463b53a800 JavaThread "Reference Handler" daemon [_thread_blocked, id=4900, stack(0x0000004082300000,0x0000004082400000)]
  0x0000014627fb5000 JavaThread "main" [_thread_blocked, id=16192, stack(0x0000004081900000,0x0000004081a00000)]

Other Threads:
  0x000001463b511800 VMThread [stack: 0x0000004082200000,0x0000004082300000] [id=3692]
  0x000001463c993800 WatcherThread [stack: 0x0000004082f00000,0x0000004083000000] [id=17984]

VM state:not at safepoint (normal execution)

VM Mutex/Monitor currently owned by a thread: None

heap address: 0x00000000e0000000, size: 512 MB, Compressed Oops mode: 32-bit
Narrow klass base: 0x0000000000000000, Narrow klass shift: 3
Compressed class space size: 1073741824 Address: 0x0000000100000000

Heap:
 PSYoungGen      total 130048K, used 124939K [0x00000000f5580000, 0x0000000100000000, 0x0000000100000000)
  eden space 116736K, 100% used [0x00000000f5580000,0x00000000fc780000,0x00000000fc780000)
  from space 13312K, 61% used [0x00000000fc780000,0x00000000fcf82fe8,0x00000000fd480000)
  to   space 12800K, 0% used [0x00000000ff380000,0x00000000ff380000,0x0000000100000000)
 ParOldGen       total 175104K, used 16084K [0x00000000e0000000, 0x00000000eab00000, 0x00000000f5580000)
  object space 175104K, 9% used [0x00000000e0000000,0x00000000e0fb5258,0x00000000eab00000)
 Metaspace       used 45716K, capacity 47920K, committed 48000K, reserved 1091584K
  class space    used 6288K, capacity 6771K, committed 6784K, reserved 1048576K

Card table byte_map: [0x0000014638d60000,0x0000014638e70000] byte_map_base: 0x0000014638660000

Marking Bits: (ParMarkBitMap*) 0x0000000059307fe0
 Begin Bits: [0x0000014638f20000, 0x0000014639720000)
 End Bits:   [0x0000014639720000, 0x0000014639f20000)

Polling page: 0x0000014629970000

CodeCache: size=245760Kb used=17114Kb max_used=17114Kb free=228645Kb
 bounds [0x00000146299a0000, 0x000001462aa60000, 0x00000146389a0000]
 total_blobs=5029 nmethods=4301 adapters=647
 compilation: enabled

Compilation events (10 events):
Event: 8.524 Thread 0x000001463b5a5000 nmethod 4718 0x000001462aa4ccd0 code [0x000001462aa4d340, 0x000001462aa51d20]
Event: 8.524 Thread 0x000001463b5a5000 4721       3       sun.reflect.ClassFileAssembler::opc_invokespecial (26 bytes)
Event: 8.525 Thread 0x000001463b59f000 nmethod 4715 0x000001462aa55210 code [0x000001462aa55400, 0x000001462aa56a50]
Event: 8.525 Thread 0x000001463b5a5000 nmethod 4721 0x000001462aa4c150 code [0x000001462aa4c320, 0x000001462aa4c8b0]
Event: 8.525 Thread 0x000001463b59f000 4706       4       java.util.TreeMap::get (19 bytes)
Event: 8.525 Thread 0x000001463b5a5000 4720       3       com.sun.beans.WeakCache::get (42 bytes)
Event: 8.525 Thread 0x000001463b5a5000 nmethod 4720 0x000001462aa4b8d0 code [0x000001462aa4ba60, 0x000001462aa4bfb0]
Event: 8.529 Thread 0x000001463b59f000 nmethod 4706 0x000001462aa49c50 code [0x000001462aa49da0, 0x000001462aa4a118]
Event: 8.529 Thread 0x000001463b5a5000 4722       3       java.beans.Introspector::isAssignable (27 bytes)
Event: 8.529 Thread 0x000001463b5a5000 nmethod 4722 0x000001462aa49710 code [0x000001462aa49880, 0x000001462aa49b70]

GC Heap History (10 events):
Event: 2.779 GC heap before
{Heap before GC invocations=5 (full 1):
 PSYoungGen      total 76288K, used 7173K [0x00000000f5580000, 0x00000000fea80000, 0x0000000100000000)
  eden space 65536K, 0% used [0x00000000f5580000,0x00000000f5580000,0x00000000f9580000)
  from space 10752K, 66% used [0x00000000fa000000,0x00000000fa701490,0x00000000faa80000)
  to   space 10752K, 0% used [0x00000000f9580000,0x00000000f9580000,0x00000000fa000000)
 ParOldGen       total 175104K, used 1238K [0x00000000e0000000, 0x00000000eab00000, 0x00000000f5580000)
  object space 175104K, 0% used [0x00000000e0000000,0x00000000e01359e0,0x00000000eab00000)
 Metaspace       used 20538K, capacity 21240K, committed 21296K, reserved 1067008K
  class space    used 2969K, capacity 3158K, committed 3200K, reserved 1048576K
Event: 2.811 GC heap after
Heap after GC invocations=5 (full 1):
 PSYoungGen      total 76288K, used 0K [0x00000000f5580000, 0x00000000fea80000, 0x0000000100000000)
  eden space 65536K, 0% used [0x00000000f5580000,0x00000000f5580000,0x00000000f9580000)
  from space 10752K, 0% used [0x00000000fa000000,0x00000000fa000000,0x00000000faa80000)
  to   space 10752K, 0% used [0x00000000f9580000,0x00000000f9580000,0x00000000fa000000)
 ParOldGen       total 175104K, used 7024K [0x00000000e0000000, 0x00000000eab00000, 0x00000000f5580000)
  object space 175104K, 4% used [0x00000000e0000000,0x00000000e06dc250,0x00000000eab00000)
 Metaspace       used 20538K, capacity 21240K, committed 21296K, reserved 1067008K
  class space    used 2969K, capacity 3158K, committed 3200K, reserved 1048576K
}
Event: 5.205 GC heap before
{Heap before GC invocations=6 (full 1):
 PSYoungGen      total 76288K, used 65536K [0x00000000f5580000, 0x00000000fea80000, 0x0000000100000000)
  eden space 65536K, 100% used [0x00000000f5580000,0x00000000f9580000,0x00000000f9580000)
  from space 10752K, 0% used [0x00000000fa000000,0x00000000fa000000,0x00000000faa80000)
  to   space 10752K, 0% used [0x00000000f9580000,0x00000000f9580000,0x00000000fa000000)
 ParOldGen       total 175104K, used 7024K [0x00000000e0000000, 0x00000000eab00000, 0x00000000f5580000)
  object space 175104K, 4% used [0x00000000e0000000,0x00000000e06dc250,0x00000000eab00000)
 Metaspace       used 26530K, capacity 27422K, committed 27648K, reserved 1073152K
  class space    used 3792K, capacity 4045K, committed 4096K, reserved 1048576K
Event: 5.212 GC heap after
Heap after GC invocations=6 (full 1):
 PSYoungGen      total 76288K, used 6564K [0x00000000f5580000, 0x00000000fe400000, 0x0000000100000000)
  eden space 65536K, 0% used [0x00000000f5580000,0x00000000f5580000,0x00000000f9580000)
  from space 10752K, 61% used [0x00000000f9580000,0x00000000f9be9340,0x00000000fa000000)
  to   space 13312K, 0% used [0x00000000fd700000,0x00000000fd700000,0x00000000fe400000)
 ParOldGen       total 175104K, used 7032K [0x00000000e0000000, 0x00000000eab00000, 0x00000000f5580000)
  object space 175104K, 4% used [0x00000000e0000000,0x00000000e06de250,0x00000000eab00000)
 Metaspace       used 26530K, capacity 27422K, committed 27648K, reserved 1073152K
  class space    used 3792K, capacity 4045K, committed 4096K, reserved 1048576K
}
Event: 5.945 GC heap before
{Heap before GC invocations=7 (full 1):
 PSYoungGen      total 76288K, used 56127K [0x00000000f5580000, 0x00000000fe400000, 0x0000000100000000)
  eden space 65536K, 75% used [0x00000000f5580000,0x00000000f85e69f8,0x00000000f9580000)
  from space 10752K, 61% used [0x00000000f9580000,0x00000000f9be9340,0x00000000fa000000)
  to   space 13312K, 0% used [0x00000000fd700000,0x00000000fd700000,0x00000000fe400000)
 ParOldGen       total 175104K, used 7032K [0x00000000e0000000, 0x00000000eab00000, 0x00000000f5580000)
  object space 175104K, 4% used [0x00000000e0000000,0x00000000e06de250,0x00000000eab00000)
 Metaspace       used 34438K, capacity 35368K, committed 35496K, reserved 1079296K
  class space    used 4616K, capacity 4839K, committed 4864K, reserved 1048576K
Event: 5.952 GC heap after
Heap after GC invocations=7 (full 1):
 PSYoungGen      total 127488K, used 9661K [0x00000000f5580000, 0x00000000fe180000, 0x0000000100000000)
  eden space 116736K, 0% used [0x00000000f5580000,0x00000000f5580000,0x00000000fc780000)
  from space 10752K, 89% used [0x00000000fd700000,0x00000000fe06f4f8,0x00000000fe180000)
  to   space 13312K, 0% used [0x00000000fc780000,0x00000000fc780000,0x00000000fd480000)
 ParOldGen       total 175104K, used 7040K [0x00000000e0000000, 0x00000000eab00000, 0x00000000f5580000)
  object space 175104K, 4% used [0x00000000e0000000,0x00000000e06e0250,0x00000000eab00000)
 Metaspace       used 34438K, capacity 35368K, committed 35496K, reserved 1079296K
  class space    used 4616K, capacity 4839K, committed 4864K, reserved 1048576K
}
Event: 5.952 GC heap before
{Heap before GC invocations=8 (full 2):
 PSYoungGen      total 127488K, used 9661K [0x00000000f5580000, 0x00000000fe180000, 0x0000000100000000)
  eden space 116736K, 0% used [0x00000000f5580000,0x00000000f5580000,0x00000000fc780000)
  from space 10752K, 89% used [0x00000000fd700000,0x00000000fe06f4f8,0x00000000fe180000)
  to   space 13312K, 0% used [0x00000000fc780000,0x00000000fc780000,0x00000000fd480000)
 ParOldGen       total 175104K, used 7040K [0x00000000e0000000, 0x00000000eab00000, 0x00000000f5580000)
  object space 175104K, 4% used [0x00000000e0000000,0x00000000e06e0250,0x00000000eab00000)
 Metaspace       used 34438K, capacity 35368K, committed 35496K, reserved 1079296K
  class space    used 4616K, capacity 4839K, committed 4864K, reserved 1048576K
Event: 6.026 GC heap after
Heap after GC invocations=8 (full 2):
 PSYoungGen      total 127488K, used 0K [0x00000000f5580000, 0x00000000fe180000, 0x0000000100000000)
  eden space 116736K, 0% used [0x00000000f5580000,0x00000000f5580000,0x00000000fc780000)
  from space 10752K, 0% used [0x00000000fd700000,0x00000000fd700000,0x00000000fe180000)
  to   space 13312K, 0% used [0x00000000fc780000,0x00000000fc780000,0x00000000fd480000)
 ParOldGen       total 175104K, used 16084K [0x00000000e0000000, 0x00000000eab00000, 0x00000000f5580000)
  object space 175104K, 9% used [0x00000000e0000000,0x00000000e0fb5258,0x00000000eab00000)
 Metaspace       used 34427K, capacity 35356K, committed 35496K, reserved 1079296K
  class space    used 4612K, capacity 4835K, committed 4864K, reserved 1048576K
}
Event: 7.306 GC heap before
{Heap before GC invocations=9 (full 2):
 PSYoungGen      total 127488K, used 116736K [0x00000000f5580000, 0x00000000fe180000, 0x0000000100000000)
  eden space 116736K, 100% used [0x00000000f5580000,0x00000000fc780000,0x00000000fc780000)
  from space 10752K, 0% used [0x00000000fd700000,0x00000000fd700000,0x00000000fe180000)
  to   space 13312K, 0% used [0x00000000fc780000,0x00000000fc780000,0x00000000fd480000)
 ParOldGen       total 175104K, used 16084K [0x00000000e0000000, 0x00000000eab00000, 0x00000000f5580000)
  object space 175104K, 9% used [0x00000000e0000000,0x00000000e0fb5258,0x00000000eab00000)
 Metaspace       used 40407K, capacity 41664K, committed 41856K, reserved 1085440K
  class space    used 5393K, capacity 5704K, committed 5760K, reserved 1048576K
Event: 7.314 GC heap after
Heap after GC invocations=9 (full 2):
 PSYoungGen      total 130048K, used 8203K [0x00000000f5580000, 0x0000000100000000, 0x0000000100000000)
  eden space 116736K, 0% used [0x00000000f5580000,0x00000000f5580000,0x00000000fc780000)
  from space 13312K, 61% used [0x00000000fc780000,0x00000000fcf82fe8,0x00000000fd480000)
  to   space 12800K, 0% used [0x00000000ff380000,0x00000000ff380000,0x0000000100000000)
 ParOldGen       total 175104K, used 16084K [0x00000000e0000000, 0x00000000eab00000, 0x00000000f5580000)
  object space 175104K, 9% used [0x00000000e0000000,0x00000000e0fb5258,0x00000000eab00000)
 Metaspace       used 40407K, capacity 41664K, committed 41856K, reserved 1085440K
  class space    used 5393K, capacity 5704K, committed 5760K, reserved 1048576K
}

Deoptimization events (10 events):
Event: 8.261 Thread 0x000001463e8cf800 Uncommon trap: reason=unstable_if action=reinterpret pc=0x0000014629cfc5ec method=java.util.HashMap.resize()[Ljava/util/HashMap$Node; @ 206
Event: 8.261 Thread 0x000001463e8cf800 Uncommon trap: reason=unstable_if action=reinterpret pc=0x0000014629f04bf8 method=java.util.HashMap.getNode(ILjava/lang/Object;)Ljava/util/HashMap$Node; @ 84
Event: 8.261 Thread 0x000001463e8cf800 Uncommon trap: reason=unstable_if action=reinterpret pc=0x0000014629faa1c8 method=java.util.HashMap.getNode(ILjava/lang/Object;)Ljava/util/HashMap$Node; @ 84
Event: 8.267 Thread 0x000001463e8cf800 Uncommon trap: reason=unstable_if action=reinterpret pc=0x0000014629b353ac method=org.objectweb.asm.Label.resolve([BI)Z @ 80
Event: 8.267 Thread 0x000001463e8cf800 Uncommon trap: reason=unstable_if action=reinterpret pc=0x0000014629c412a0 method=org.objectweb.asm.Label.resolve([BI)Z @ 80
Event: 8.283 Thread 0x000001463e8cf800 Uncommon trap: reason=unstable_if action=reinterpret pc=0x0000014629b36484 method=java.util.HashMap.putVal(ILjava/lang/Object;Ljava/lang/Object;ZZ)Ljava/lang/Object; @ 109
Event: 8.283 Thread 0x000001463e8cf800 Uncommon trap: reason=unstable_if action=reinterpret pc=0x0000014629b60ae8 method=java.util.HashMap.putVal(ILjava/lang/Object;Ljava/lang/Object;ZZ)Ljava/lang/Object; @ 109
Event: 8.346 Thread 0x000001463e8cf800 Uncommon trap: reason=unstable_if action=reinterpret pc=0x000001462a918d18 method=org.codehaus.groovy.runtime.metaclass.MetaMethodIndex.addMethodToList(Ljava/lang/Object;Lgroovy/lang/MetaMethod;)Ljava/lang/Object; @ 226
Event: 8.454 Thread 0x000001463e8cf800 Uncommon trap: reason=unstable_if action=reinterpret pc=0x0000014629abac54 method=org.objectweb.asm.Type.getArgumentsAndReturnSizes(Ljava/lang/String;)I @ 117
Event: 8.454 Thread 0x000001463e8cf800 Uncommon trap: reason=unstable_if action=reinterpret pc=0x000001462a071a40 method=org.objectweb.asm.Type.getArgumentsAndReturnSizes(Ljava/lang/String;)I @ 117

Classes redefined (0 events):
No events

Internal exceptions (10 events):
Event: 8.511 Thread 0x000001463e8cf800 Exception <a 'java/lang/ClassNotFoundException': org/gradle/api/tasks/testing/AbstractTestTaskBeanInfo> (0x00000000fc107e50) thrown at [C:\jenkins\workspace\8-2-build-windows-amd64-cygwin\jdk8u271\605\hotspot\src\share\vm\classfile\systemDictionary.cpp, l
Event: 8.512 Thread 0x000001463e8cf800 Exception <a 'java/lang/ClassNotFoundException': org/gradle/api/internal/ConventionTaskBeanInfo> (0x00000000fc134f98) thrown at [C:\jenkins\workspace\8-2-build-windows-amd64-cygwin\jdk8u271\605\hotspot\src\share\vm\classfile\systemDictionary.cpp, line 212
Event: 8.513 Thread 0x000001463e8cf800 Exception <a 'java/lang/ClassNotFoundException': org/gradle/api/DefaultTaskBeanInfo> (0x00000000fc15a950) thrown at [C:\jenkins\workspace\8-2-build-windows-amd64-cygwin\jdk8u271\605\hotspot\src\share\vm\classfile\systemDictionary.cpp, line 212]
Event: 8.514 Thread 0x000001463e8cf800 Exception <a 'java/lang/ClassNotFoundException': org/gradle/api/internal/AbstractTaskBeanInfo> (0x00000000fc186e38) thrown at [C:\jenkins\workspace\8-2-build-windows-amd64-cygwin\jdk8u271\605\hotspot\src\share\vm\classfile\systemDictionary.cpp, line 212]
Event: 8.515 Thread 0x000001463e8cf800 Exception <a 'java/lang/ClassNotFoundException': org/gradle/api/internal/AbstractTaskCustomizer> (0x00000000fc1b3f20) thrown at [C:\jenkins\workspace\8-2-build-windows-amd64-cygwin\jdk8u271\605\hotspot\src\share\vm\classfile\systemDictionary.cpp, line 212
Event: 8.518 Thread 0x000001463e8cf800 Exception <a 'java/lang/ClassNotFoundException': org/gradle/api/DefaultTaskCustomizer> (0x00000000fc2434a8) thrown at [C:\jenkins\workspace\8-2-build-windows-amd64-cygwin\jdk8u271\605\hotspot\src\share\vm\classfile\systemDictionary.cpp, line 212]
Event: 8.520 Thread 0x000001463e8cf800 Exception <a 'java/lang/ClassNotFoundException': org/gradle/api/internal/ConventionTaskCustomizer> (0x00000000fc2e6d20) thrown at [C:\jenkins\workspace\8-2-build-windows-amd64-cygwin\jdk8u271\605\hotspot\src\share\vm\classfile\systemDictionary.cpp, line 2
Event: 8.521 Thread 0x000001463e8cf800 Exception <a 'java/lang/ClassNotFoundException': org/gradle/api/tasks/testing/AbstractTestTaskCustomizer> (0x00000000fc33e788) thrown at [C:\jenkins\workspace\8-2-build-windows-amd64-cygwin\jdk8u271\605\hotspot\src\share\vm\classfile\systemDictionary.cpp,
Event: 8.524 Thread 0x000001463e8cf800 Exception <a 'java/lang/ClassNotFoundException': org/gradle/api/tasks/testing/TestCustomizer> (0x00000000fc3aa7d0) thrown at [C:\jenkins\workspace\8-2-build-windows-amd64-cygwin\jdk8u271\605\hotspot\src\share\vm\classfile\systemDictionary.cpp, line 212]
Event: 8.530 Thread 0x000001463e8cf800 Exception <a 'java/lang/ClassNotFoundException': org/gradle/api/tasks/testing/Test_DecoratedCustomizer> (0x00000000fc4cf3f0) thrown at [C:\jenkins\workspace\8-2-build-windows-amd64-cygwin\jdk8u271\605\hotspot\src\share\vm\classfile\systemDictionary.cpp, l

Events (10 events):
Event: 8.530 Thread 0x000001463e8cf800 DEOPT PACKING pc=0x0000014629aeb3fc sp=0x00000040838f7e20
Event: 8.530 Thread 0x000001463e8cf800 DEOPT UNPACKING pc=0x00000146299e7898 sp=0x00000040838f7b70 mode 1
Event: 8.530 Thread 0x000001463e8cf800 DEOPT PACKING pc=0x000001462a254bc8 sp=0x00000040838f7ee0
Event: 8.530 Thread 0x000001463e8cf800 DEOPT UNPACKING pc=0x00000146299e7898 sp=0x00000040838f7c00 mode 1
Event: 8.530 Thread 0x000001463e8cf800 DEOPT PACKING pc=0x0000014629ff3b6c sp=0x00000040838f87a0
Event: 8.530 Thread 0x000001463e8cf800 DEOPT UNPACKING pc=0x00000146299e7898 sp=0x00000040838f8518 mode 1
Event: 8.530 loading class org/gradle/api/tasks/testing/Test_DecoratedCustomizer
Event: 8.530 loading class org/gradle/api/tasks/testing/Test_DecoratedCustomizer done
Event: 8.530 Thread 0x000001463e8cf800 DEOPT PACKING pc=0x000001462a08cb5c sp=0x00000040838f87e0
Event: 8.530 Thread 0x000001463e8cf800 DEOPT UNPACKING pc=0x00000146299e7898 sp=0x00000040838f8538 mode 1


Dynamic libraries:
0x00007ff6e1ae0000 - 0x00007ff6e1b27000 	C:\Program Files\Java\jdk1.8.0_271\bin\java.exe
0x00007ffe05a30000 - 0x00007ffe05c26000 	C:\WINDOWS\SYSTEM32\ntdll.dll
0x00007ffe03ef0000 - 0x00007ffe03fad000 	C:\WINDOWS\System32\KERNEL32.DLL
0x00007ffe03330000 - 0x00007ffe035f8000 	C:\WINDOWS\System32\KERNELBASE.dll
0x00007ffe04320000 - 0x00007ffe043ca000 	C:\WINDOWS\System32\ADVAPI32.dll
0x00007ffe03aa0000 - 0x00007ffe03b3e000 	C:\WINDOWS\System32\msvcrt.dll
0x00007ffe04cf0000 - 0x00007ffe04d8b000 	C:\WINDOWS\System32\sechost.dll
0x00007ffe043d0000 - 0x00007ffe044f4000 	C:\WINDOWS\System32\RPCRT4.dll
0x00007ffe03d50000 - 0x00007ffe03ef0000 	C:\WINDOWS\System32\USER32.dll
0x00007ffe03800000 - 0x00007ffe03822000 	C:\WINDOWS\System32\win32u.dll
0x00007ffe05780000 - 0x00007ffe057aa000 	C:\WINDOWS\System32\GDI32.dll
0x00007ffe03600000 - 0x00007ffe03709000 	C:\WINDOWS\System32\gdi32full.dll
0x00007ffe03760000 - 0x00007ffe037fd000 	C:\WINDOWS\System32\msvcp_win.dll
0x00007ffe03230000 - 0x00007ffe03330000 	C:\WINDOWS\System32\ucrtbase.dll
0x00007ffdeda60000 - 0x00007ffdedcfb000 	C:\WINDOWS\WinSxS\amd64_microsoft.windows.common-controls_6595b64144ccf1df_6.0.19041.488_none_ca04af081b815d21\COMCTL32.dll
0x00007ffe04cc0000 - 0x00007ffe04cf0000 	C:\WINDOWS\System32\IMM32.DLL
0x00007ffdf9980000 - 0x00007ffdf9995000 	C:\Program Files\Java\jdk1.8.0_271\jre\bin\vcruntime140.dll
0x00007ffde68e0000 - 0x00007ffde697b000 	C:\Program Files\Java\jdk1.8.0_271\jre\bin\msvcp140.dll
0x0000000058b10000 - 0x000000005937f000 	C:\Program Files\Java\jdk1.8.0_271\jre\bin\server\jvm.dll
0x00007ffe058c0000 - 0x00007ffe058c8000 	C:\WINDOWS\System32\PSAPI.DLL
0x00007ffdfeb20000 - 0x00007ffdfeb29000 	C:\WINDOWS\SYSTEM32\WSOCK32.dll
0x00007ffdfe130000 - 0x00007ffdfe157000 	C:\WINDOWS\SYSTEM32\WINMM.dll
0x00007ffe04da0000 - 0x00007ffe04e0b000 	C:\WINDOWS\System32\WS2_32.dll
0x00007ffdf93e0000 - 0x00007ffdf93ea000 	C:\WINDOWS\SYSTEM32\VERSION.dll
0x00007ffe01e70000 - 0x00007ffe01e82000 	C:\WINDOWS\SYSTEM32\kernel.appcore.dll
0x00007ffdfd0e0000 - 0x00007ffdfd0f0000 	C:\Program Files\Java\jdk1.8.0_271\jre\bin\verify.dll
0x00007ffdf9950000 - 0x00007ffdf997b000 	C:\Program Files\Java\jdk1.8.0_271\jre\bin\java.dll
0x00007ffdf1550000 - 0x00007ffdf1586000 	C:\Program Files\Java\jdk1.8.0_271\jre\bin\jdwp.dll
0x00007ffdf8910000 - 0x00007ffdf8919000 	C:\Program Files\Java\jdk1.8.0_271\jre\bin\npt.dll
0x00007ffdf7dc0000 - 0x00007ffdf7dd8000 	C:\Program Files\Java\jdk1.8.0_271\jre\bin\zip.dll
0x00007ffe04e10000 - 0x00007ffe05550000 	C:\WINDOWS\System32\SHELL32.dll
0x00007ffe00fa0000 - 0x00007ffe01734000 	C:\WINDOWS\SYSTEM32\windows.storage.dll
0x00007ffe03fb0000 - 0x00007ffe04305000 	C:\WINDOWS\System32\combase.dll
0x00007ffe02b20000 - 0x00007ffe02b4c000 	C:\WINDOWS\SYSTEM32\Wldp.dll
0x00007ffe04500000 - 0x00007ffe045ae000 	C:\WINDOWS\System32\SHCORE.dll
0x00007ffe05720000 - 0x00007ffe05775000 	C:\WINDOWS\System32\shlwapi.dll
0x00007ffe030b0000 - 0x00007ffe030d6000 	C:\WINDOWS\SYSTEM32\profapi.dll
0x00007ffdf7da0000 - 0x00007ffdf7daa000 	C:\Program Files\Java\jdk1.8.0_271\jre\bin\dt_socket.dll
0x00007ffe028a0000 - 0x00007ffe0290a000 	C:\WINDOWS\system32\mswsock.dll
0x00007ffdf1530000 - 0x00007ffdf154c000 	C:\Program Files\Java\jdk1.8.0_271\jre\bin\net.dll
0x00007ffdf1510000 - 0x00007ffdf1523000 	C:\Program Files\Java\jdk1.8.0_271\jre\bin\nio.dll
0x00007ffdf7ac0000 - 0x00007ffdf7ae7000 	C:\Users\x_xka\.gradle\native\9f2fa17c089eee584f3420100432f77ec4c098959e4bf121a4d6054c26537dfb\windows-amd64\native-platform.dll
0x00007ffdf7c40000 - 0x00007ffdf7c4d000 	C:\Program Files\Java\jdk1.8.0_271\jre\bin\management.dll
0x00007ffe02a70000 - 0x00007ffe02a88000 	C:\WINDOWS\SYSTEM32\CRYPTSP.dll
0x00007ffe02230000 - 0x00007ffe02264000 	C:\WINDOWS\system32\rsaenh.dll
0x00007ffe03830000 - 0x00007ffe03857000 	C:\WINDOWS\System32\bcrypt.dll
0x00007ffe02fc0000 - 0x00007ffe02fee000 	C:\WINDOWS\SYSTEM32\USERENV.dll
0x00007ffe03a20000 - 0x00007ffe03a9f000 	C:\WINDOWS\System32\bcryptprimitives.dll
0x00007ffe02a90000 - 0x00007ffe02a9c000 	C:\WINDOWS\SYSTEM32\CRYPTBASE.dll
0x00007ffe02590000 - 0x00007ffe025cb000 	C:\WINDOWS\SYSTEM32\IPHLPAPI.DLL
0x00007ffe04310000 - 0x00007ffe04319000 	C:\WINDOWS\System32\NSI.dll
0x00007ffdf9e70000 - 0x00007ffdf9e87000 	C:\WINDOWS\SYSTEM32\dhcpcsvc6.DLL
0x00007ffdf9e10000 - 0x00007ffdf9e2d000 	C:\WINDOWS\SYSTEM32\dhcpcsvc.DLL
0x00007ffe025d0000 - 0x00007ffe0269b000 	C:\WINDOWS\SYSTEM32\DNSAPI.dll
0x00007ffdfacc0000 - 0x00007ffdfaccb000 	C:\WINDOWS\SYSTEM32\WINNSI.DLL
0x00007ffddaec0000 - 0x00007ffddb056000 	C:\Users\x_xka\.gradle\native\9f2fa17c089eee584f3420100432f77ec4c098959e4bf121a4d6054c26537dfb\windows-amd64\native-platform-file-events.dll
0x00007ffe00640000 - 0x00007ffe00824000 	C:\WINDOWS\SYSTEM32\dbghelp.dll

VM Arguments:
jvm_args: -XX:MaxMetaspaceSize=256m -XX:+HeapDumpOnOutOfMemoryError -agentlib:jdwp=transport=dt_socket,server=n,suspend=y,address=63383 -Xms256m -Xmx512m -Dfile.encoding=windows-1252 -Duser.country=CL -Duser.language=es -Duser.variant 
java_command: org.gradle.launcher.daemon.bootstrap.GradleDaemon 6.6.1
java_class_path (initial): C:\Users\x_xka\.gradle\wrapper\dists\gradle-6.6.1-bin\du4tvj86lhti6iga1v8h7pckb\gradle-6.6.1\lib\gradle-launcher-6.6.1.jar
Launcher Type: SUN_STANDARD

Environment Variables:
JAVA_HOME=C:\Program Files\Java\jdk1.8.0_271
CLASSPATH=C:\Program Files\Java\jdk1.8.0_271\lib
PATH=C:\Program Files (x86)\Common Files\Oracle\Java\javapath;C:\Python27\;C:\Python27\Scripts;C:\Program Files (x86)\Intel\iCLS Client\;C:\Program Files\Intel\iCLS Client\;C:\WINDOWS\system32;C:\WINDOWS;C:\WINDOWS\System32\Wbem;C:\WINDOWS\System32\WindowsPowerShell\v1.0\;C:\Program Files (x86)\Intel\Intel(R) Management Engine Components\DAL;C:\Program Files\Intel\Intel(R) Management Engine Components\DAL;C:\Program Files (x86)\Intel\Intel(R) Management Engine Components\IPT;C:\Program Files\Intel\Intel(R) Management Engine Components\IPT;C:\WINDOWS\System32\OpenSSH\;C:\Program Files\Java\jdk1.8.0_271\bin;C:\Program Files\apache-maven-3.3.9\bin;C:\Program Files\Git\cmd;C:\ProgramData\chocolatey\bin;C:\Program Files\nodejs\;C:\Users\x_xka\AppData\Local\Android\Sdk\platform-tools;C:\Program Files (x86)\Yarn\bin\;C:\Users\x_xka\AppData\Local\Microsoft\WindowsApps;C:\Users\x_xka\AppData\Local\Programs\Microsoft VS Code\bin;C:\gradle-6.7\bin;C:\Users\x_xka\AppData\Roaming\npm;C:\Users\x_xka\AppData\Local\atom\bin;C:\Users\x_xka\AppData\Local\Yarn\bin;C:\Users\x_xka\AppData\Local\Microsoft\WindowsApps;
USERNAME=x_xka
OS=Windows_NT
PROCESSOR_IDENTIFIER=Intel64 Family 6 Model 142 Stepping 10, GenuineIntel



---------------  S Y S T E M  ---------------

OS: Windows 10.0 , 64 bit Build 19041 (10.0.19041.546)

CPU:total 8 (initial active 8) (4 cores per cpu, 2 threads per core) family 6 model 142 stepping 10, cmov, cx8, fxsr, mmx, sse, sse2, sse3, ssse3, sse4.1, sse4.2, popcnt, avx, avx2, aes, clmul, erms, 3dnowpref, lzcnt, ht, tsc, tscinvbit, bmi1, bmi2, adx

Memory: 4k page, physical 6359780k(381896k free), swap 10259172k(9716k free)

vm_info: Java HotSpot(TM) 64-Bit Server VM (25.271-b09) for windows-amd64 JRE (1.8.0_271-b09), built on Sep 16 2020 19:14:59 by "" with MS VC++ 15.9 (VS2017)

time: Thu Oct 22 15:45:36 2020
timezone: Hora verano Sudamérica Pacífico
elapsed time: 9.213364 seconds (0d 0h 0m 9s)

